<?xml version="1.0" encoding="UTF-8"?>
<!-- Generated by org.testng.reporters.JUnitReportReporter -->
<testsuite hostname="LAPTOP-GN1D68B5" name="maintest.TestBase" tests="1" failures="0" timestamp="12 Apr 2016 18:47:55 GMT" time="18.238" errors="0">
  <testcase name="f" time="18.238" classname="maintest.TestBase"/>
</testsuite> <!-- maintest.TestBase -->
