<?xml version="1.0" encoding="UTF-8"?>
<!-- Generated by org.testng.reporters.JUnitReportReporter -->
<testsuite hostname="LAPTOP-GN1D68B5" name="maintest.TestBase" tests="1" failures="0" timestamp="9 Apr 2016 15:06:10 GMT" time="15.224" errors="0">
  <testcase name="f" time="15.224" classname="maintest.TestBase"/>
</testsuite> <!-- maintest.TestBase -->
