<?xml version="1.0" encoding="UTF-8"?>
<!-- Generated by org.testng.reporters.JUnitReportReporter -->
<testsuite hostname="LAPTOP-GN1D68B5" name="maintest.TestBase" tests="1" failures="0" timestamp="10 Apr 2016 17:00:27 GMT" time="24.126" errors="0">
  <testcase name="f" time="24.126" classname="maintest.TestBase"/>
</testsuite> <!-- maintest.TestBase -->
