<?xml version="1.0" encoding="UTF-8"?>
<!-- Generated by org.testng.reporters.JUnitReportReporter -->
<testsuite hostname="LAPTOP-GN1D68B5" name="maintest.TestBase" tests="1" failures="0" timestamp="8 Apr 2016 16:58:08 GMT" time="0.006" errors="0">
  <testcase name="f" time="0.006" classname="maintest.TestBase"/>
</testsuite> <!-- maintest.TestBase -->
