<?xml version="1.0" encoding="UTF-8"?>
<!-- Generated by org.testng.reporters.JUnitReportReporter -->
<testsuite hostname="LAPTOP-GN1D68B5" name="maintest.TestBase" tests="1" failures="0" timestamp="16 Apr 2016 03:40:20 GMT" time="22.358" errors="0">
  <testcase name="f" time="22.358" classname="maintest.TestBase"/>
</testsuite> <!-- maintest.TestBase -->
